04-May-2024 14:55:50.095 INFO [main] org.apache.catalina.startup.VersionLoggerListener.log Server version name:   Apache Tomcat/9.0.88
04-May-2024 14:55:50.102 INFO [main] org.apache.catalina.startup.VersionLoggerListener.log Server built:          Apr 9 2024 13:22:30 UTC
04-May-2024 14:55:50.102 INFO [main] org.apache.catalina.startup.VersionLoggerListener.log Server version number: 9.0.88.0
04-May-2024 14:55:50.103 INFO [main] org.apache.catalina.startup.VersionLoggerListener.log OS Name:               Linux
04-May-2024 14:55:50.103 INFO [main] org.apache.catalina.startup.VersionLoggerListener.log OS Version:            6.5.0-27-generic
04-May-2024 14:55:50.103 INFO [main] org.apache.catalina.startup.VersionLoggerListener.log Architecture:          amd64
04-May-2024 14:55:50.104 INFO [main] org.apache.catalina.startup.VersionLoggerListener.log Java Home:             /usr/lib/jvm/java-11-openjdk-amd64
04-May-2024 14:55:50.109 INFO [main] org.apache.catalina.startup.VersionLoggerListener.log JVM Version:           11.0.22+7-post-Ubuntu-0ubuntu222.04.1
04-May-2024 14:55:50.110 INFO [main] org.apache.catalina.startup.VersionLoggerListener.log JVM Vendor:            Ubuntu
04-May-2024 14:55:50.110 INFO [main] org.apache.catalina.startup.VersionLoggerListener.log CATALINA_BASE:         /home/rishi/apache-tomcat-9.0.88
04-May-2024 14:55:50.110 INFO [main] org.apache.catalina.startup.VersionLoggerListener.log CATALINA_HOME:         /home/rishi/apache-tomcat-9.0.88
04-May-2024 14:55:50.193 INFO [main] org.apache.catalina.startup.VersionLoggerListener.log Command line argument: -Djava.util.logging.config.file=/home/rishi/apache-tomcat-9.0.88/conf/logging.properties
04-May-2024 14:55:50.200 INFO [main] org.apache.catalina.startup.VersionLoggerListener.log Command line argument: -Djava.util.logging.manager=org.apache.juli.ClassLoaderLogManager
04-May-2024 14:55:50.212 INFO [main] org.apache.catalina.startup.VersionLoggerListener.log Command line argument: -Djdk.tls.ephemeralDHKeySize=2048
04-May-2024 14:55:50.214 INFO [main] org.apache.catalina.startup.VersionLoggerListener.log Command line argument: -Djava.protocol.handler.pkgs=org.apache.catalina.webresources
04-May-2024 14:55:50.218 INFO [main] org.apache.catalina.startup.VersionLoggerListener.log Command line argument: -Dorg.apache.catalina.security.SecurityListener.UMASK=0027
04-May-2024 14:55:50.220 INFO [main] org.apache.catalina.startup.VersionLoggerListener.log Command line argument: -Dcatalina.base=/home/rishi/apache-tomcat-9.0.88
04-May-2024 14:55:50.228 INFO [main] org.apache.catalina.startup.VersionLoggerListener.log Command line argument: -Dcatalina.home=/home/rishi/apache-tomcat-9.0.88
04-May-2024 14:55:50.232 INFO [main] org.apache.catalina.startup.VersionLoggerListener.log Command line argument: -Djava.io.tmpdir=/home/rishi/apache-tomcat-9.0.88/temp
04-May-2024 14:55:50.267 INFO [main] org.apache.catalina.core.AprLifecycleListener.lifecycleEvent The Apache Tomcat Native library which allows using OpenSSL was not found on the java.library.path: [/usr/java/packages/lib:/usr/lib/x86_64-linux-gnu/jni:/lib/x86_64-linux-gnu:/usr/lib/x86_64-linux-gnu:/usr/lib/jni:/lib:/usr/lib]
04-May-2024 14:55:51.957 INFO [main] org.apache.coyote.AbstractProtocol.init Initializing ProtocolHandler ["http-nio-8080"]
04-May-2024 14:55:52.149 INFO [main] org.apache.catalina.startup.Catalina.load Server initialization in [3013] milliseconds
04-May-2024 14:55:52.628 INFO [main] org.apache.catalina.core.StandardService.startInternal Starting service [Catalina]
04-May-2024 14:55:52.638 INFO [main] org.apache.catalina.core.StandardEngine.startInternal Starting Servlet engine: [Apache Tomcat/9.0.88]
04-May-2024 14:55:52.774 INFO [main] org.apache.catalina.startup.HostConfig.deployWAR Deploying web application archive [/home/rishi/apache-tomcat-9.0.88/webapps/as_10.war]
04-May-2024 14:55:53.301 WARNING [main] org.apache.tomcat.util.descriptor.web.WebXml.setVersion Unknown version string [6.0]. Default version will be used.
04-May-2024 14:55:54.269 INFO [main] org.apache.jasper.servlet.TldScanner.scanJars At least one JAR was scanned for TLDs yet contained no TLDs. Enable debug logging for this logger for a complete list of JARs that were scanned but no TLDs were found in them. Skipping unneeded JARs during scanning can improve startup time and JSP compilation time.
04-May-2024 14:55:54.555 INFO [main] org.apache.catalina.startup.HostConfig.deployWAR Deployment of web application archive [/home/rishi/apache-tomcat-9.0.88/webapps/as_10.war] has finished in [1,780] ms
04-May-2024 14:55:54.562 INFO [main] org.apache.catalina.startup.HostConfig.deployDirectory Deploying web application directory [/home/rishi/apache-tomcat-9.0.88/webapps/ROOT]
04-May-2024 14:55:54.807 INFO [main] org.apache.catalina.startup.HostConfig.deployDirectory Deployment of web application directory [/home/rishi/apache-tomcat-9.0.88/webapps/ROOT] has finished in [246] ms
04-May-2024 14:55:54.815 INFO [main] org.apache.catalina.startup.HostConfig.deployDirectory Deploying web application directory [/home/rishi/apache-tomcat-9.0.88/webapps/docs]
04-May-2024 14:55:55.050 INFO [main] org.apache.catalina.startup.HostConfig.deployDirectory Deployment of web application directory [/home/rishi/apache-tomcat-9.0.88/webapps/docs] has finished in [235] ms
04-May-2024 14:55:55.067 INFO [main] org.apache.catalina.startup.HostConfig.deployDirectory Deploying web application directory [/home/rishi/apache-tomcat-9.0.88/webapps/manager]
04-May-2024 14:55:55.462 INFO [main] org.apache.catalina.startup.HostConfig.deployDirectory Deployment of web application directory [/home/rishi/apache-tomcat-9.0.88/webapps/manager] has finished in [395] ms
04-May-2024 14:55:55.467 INFO [main] org.apache.catalina.startup.HostConfig.deployDirectory Deploying web application directory [/home/rishi/apache-tomcat-9.0.88/webapps/as_6]
04-May-2024 14:55:56.314 INFO [main] org.apache.jasper.servlet.TldScanner.scanJars At least one JAR was scanned for TLDs yet contained no TLDs. Enable debug logging for this logger for a complete list of JARs that were scanned but no TLDs were found in them. Skipping unneeded JARs during scanning can improve startup time and JSP compilation time.
04-May-2024 14:55:56.323 INFO [main] org.apache.catalina.startup.HostConfig.deployDirectory Deployment of web application directory [/home/rishi/apache-tomcat-9.0.88/webapps/as_6] has finished in [857] ms
04-May-2024 14:55:56.330 INFO [main] org.apache.catalina.startup.HostConfig.deployDirectory Deploying web application directory [/home/rishi/apache-tomcat-9.0.88/webapps/host-manager]
04-May-2024 14:55:56.456 INFO [main] org.apache.catalina.startup.HostConfig.deployDirectory Deployment of web application directory [/home/rishi/apache-tomcat-9.0.88/webapps/host-manager] has finished in [125] ms
04-May-2024 14:55:56.470 INFO [main] org.apache.catalina.startup.HostConfig.deployDirectory Deploying web application directory [/home/rishi/apache-tomcat-9.0.88/webapps/examples]
04-May-2024 14:55:57.648 INFO [main] org.apache.catalina.startup.HostConfig.deployDirectory Deployment of web application directory [/home/rishi/apache-tomcat-9.0.88/webapps/examples] has finished in [1,175] ms
04-May-2024 14:55:57.673 INFO [main] org.apache.coyote.AbstractProtocol.start Starting ProtocolHandler ["http-nio-8080"]
04-May-2024 14:55:57.791 INFO [main] org.apache.catalina.startup.Catalina.start Server startup in [5630] milliseconds
04-May-2024 14:56:15.533 INFO [main] org.apache.catalina.core.StandardServer.await A valid shutdown command was received via the shutdown port. Stopping the Server instance.
04-May-2024 14:56:15.534 INFO [main] org.apache.coyote.AbstractProtocol.pause Pausing ProtocolHandler ["http-nio-8080"]
04-May-2024 14:56:15.555 INFO [main] org.apache.catalina.core.StandardService.stopInternal Stopping service [Catalina]
04-May-2024 14:56:15.762 INFO [main] org.apache.coyote.AbstractProtocol.stop Stopping ProtocolHandler ["http-nio-8080"]
04-May-2024 14:56:15.791 INFO [main] org.apache.coyote.AbstractProtocol.destroy Destroying ProtocolHandler ["http-nio-8080"]
04-May-2024 14:56:21.416 INFO [main] org.apache.catalina.startup.VersionLoggerListener.log Server version name:   Apache Tomcat/9.0.88
04-May-2024 14:56:21.424 INFO [main] org.apache.catalina.startup.VersionLoggerListener.log Server built:          Apr 9 2024 13:22:30 UTC
04-May-2024 14:56:21.438 INFO [main] org.apache.catalina.startup.VersionLoggerListener.log Server version number: 9.0.88.0
04-May-2024 14:56:21.438 INFO [main] org.apache.catalina.startup.VersionLoggerListener.log OS Name:               Linux
04-May-2024 14:56:21.438 INFO [main] org.apache.catalina.startup.VersionLoggerListener.log OS Version:            6.5.0-27-generic
04-May-2024 14:56:21.439 INFO [main] org.apache.catalina.startup.VersionLoggerListener.log Architecture:          amd64
04-May-2024 14:56:21.439 INFO [main] org.apache.catalina.startup.VersionLoggerListener.log Java Home:             /usr/lib/jvm/java-11-openjdk-amd64
04-May-2024 14:56:21.439 INFO [main] org.apache.catalina.startup.VersionLoggerListener.log JVM Version:           11.0.22+7-post-Ubuntu-0ubuntu222.04.1
04-May-2024 14:56:21.444 INFO [main] org.apache.catalina.startup.VersionLoggerListener.log JVM Vendor:            Ubuntu
04-May-2024 14:56:21.444 INFO [main] org.apache.catalina.startup.VersionLoggerListener.log CATALINA_BASE:         /home/rishi/apache-tomcat-9.0.88
04-May-2024 14:56:21.444 INFO [main] org.apache.catalina.startup.VersionLoggerListener.log CATALINA_HOME:         /home/rishi/apache-tomcat-9.0.88
04-May-2024 14:56:21.537 INFO [main] org.apache.catalina.startup.VersionLoggerListener.log Command line argument: -Djava.util.logging.config.file=/home/rishi/apache-tomcat-9.0.88/conf/logging.properties
04-May-2024 14:56:21.538 INFO [main] org.apache.catalina.startup.VersionLoggerListener.log Command line argument: -Djava.util.logging.manager=org.apache.juli.ClassLoaderLogManager
04-May-2024 14:56:21.538 INFO [main] org.apache.catalina.startup.VersionLoggerListener.log Command line argument: -Djdk.tls.ephemeralDHKeySize=2048
04-May-2024 14:56:21.538 INFO [main] org.apache.catalina.startup.VersionLoggerListener.log Command line argument: -Djava.protocol.handler.pkgs=org.apache.catalina.webresources
04-May-2024 14:56:21.539 INFO [main] org.apache.catalina.startup.VersionLoggerListener.log Command line argument: -Dorg.apache.catalina.security.SecurityListener.UMASK=0027
04-May-2024 14:56:21.539 INFO [main] org.apache.catalina.startup.VersionLoggerListener.log Command line argument: -Dcatalina.base=/home/rishi/apache-tomcat-9.0.88
04-May-2024 14:56:21.539 INFO [main] org.apache.catalina.startup.VersionLoggerListener.log Command line argument: -Dcatalina.home=/home/rishi/apache-tomcat-9.0.88
04-May-2024 14:56:21.540 INFO [main] org.apache.catalina.startup.VersionLoggerListener.log Command line argument: -Djava.io.tmpdir=/home/rishi/apache-tomcat-9.0.88/temp
04-May-2024 14:56:21.556 INFO [main] org.apache.catalina.core.AprLifecycleListener.lifecycleEvent The Apache Tomcat Native library which allows using OpenSSL was not found on the java.library.path: [/usr/java/packages/lib:/usr/lib/x86_64-linux-gnu/jni:/lib/x86_64-linux-gnu:/usr/lib/x86_64-linux-gnu:/usr/lib/jni:/lib:/usr/lib]
04-May-2024 14:56:22.909 INFO [main] org.apache.coyote.AbstractProtocol.init Initializing ProtocolHandler ["http-nio-8080"]
04-May-2024 14:56:23.032 INFO [main] org.apache.catalina.startup.Catalina.load Server initialization in [2394] milliseconds
04-May-2024 14:56:23.341 INFO [main] org.apache.catalina.core.StandardService.startInternal Starting service [Catalina]
04-May-2024 14:56:23.343 INFO [main] org.apache.catalina.core.StandardEngine.startInternal Starting Servlet engine: [Apache Tomcat/9.0.88]
04-May-2024 14:56:23.392 INFO [main] org.apache.catalina.startup.HostConfig.deployWAR Deploying web application archive [/home/rishi/apache-tomcat-9.0.88/webapps/as_10.war]
04-May-2024 14:56:24.106 WARNING [main] org.apache.tomcat.util.descriptor.web.WebXml.setVersion Unknown version string [6.0]. Default version will be used.
04-May-2024 14:56:24.884 INFO [main] org.apache.jasper.servlet.TldScanner.scanJars At least one JAR was scanned for TLDs yet contained no TLDs. Enable debug logging for this logger for a complete list of JARs that were scanned but no TLDs were found in them. Skipping unneeded JARs during scanning can improve startup time and JSP compilation time.
04-May-2024 14:56:25.096 INFO [main] org.apache.catalina.startup.HostConfig.deployWAR Deployment of web application archive [/home/rishi/apache-tomcat-9.0.88/webapps/as_10.war] has finished in [1,705] ms
04-May-2024 14:56:25.115 INFO [main] org.apache.catalina.startup.HostConfig.deployDirectory Deploying web application directory [/home/rishi/apache-tomcat-9.0.88/webapps/ROOT]
04-May-2024 14:56:25.272 INFO [main] org.apache.catalina.startup.HostConfig.deployDirectory Deployment of web application directory [/home/rishi/apache-tomcat-9.0.88/webapps/ROOT] has finished in [157] ms
04-May-2024 14:56:25.274 INFO [main] org.apache.catalina.startup.HostConfig.deployDirectory Deploying web application directory [/home/rishi/apache-tomcat-9.0.88/webapps/docs]
04-May-2024 14:56:25.380 INFO [main] org.apache.catalina.startup.HostConfig.deployDirectory Deployment of web application directory [/home/rishi/apache-tomcat-9.0.88/webapps/docs] has finished in [100] ms
04-May-2024 14:56:25.380 INFO [main] org.apache.catalina.startup.HostConfig.deployDirectory Deploying web application directory [/home/rishi/apache-tomcat-9.0.88/webapps/manager]
04-May-2024 14:56:25.566 INFO [main] org.apache.catalina.startup.HostConfig.deployDirectory Deployment of web application directory [/home/rishi/apache-tomcat-9.0.88/webapps/manager] has finished in [185] ms
04-May-2024 14:56:25.569 INFO [main] org.apache.catalina.startup.HostConfig.deployDirectory Deploying web application directory [/home/rishi/apache-tomcat-9.0.88/webapps/as_6]
04-May-2024 14:56:26.146 INFO [main] org.apache.jasper.servlet.TldScanner.scanJars At least one JAR was scanned for TLDs yet contained no TLDs. Enable debug logging for this logger for a complete list of JARs that were scanned but no TLDs were found in them. Skipping unneeded JARs during scanning can improve startup time and JSP compilation time.
04-May-2024 14:56:26.165 INFO [main] org.apache.catalina.startup.HostConfig.deployDirectory Deployment of web application directory [/home/rishi/apache-tomcat-9.0.88/webapps/as_6] has finished in [586] ms
04-May-2024 14:56:26.166 INFO [main] org.apache.catalina.startup.HostConfig.deployDirectory Deploying web application directory [/home/rishi/apache-tomcat-9.0.88/webapps/host-manager]
04-May-2024 14:56:26.306 INFO [main] org.apache.catalina.startup.HostConfig.deployDirectory Deployment of web application directory [/home/rishi/apache-tomcat-9.0.88/webapps/host-manager] has finished in [140] ms
04-May-2024 14:56:26.307 INFO [main] org.apache.catalina.startup.HostConfig.deployDirectory Deploying web application directory [/home/rishi/apache-tomcat-9.0.88/webapps/examples]
04-May-2024 14:56:26.815 INFO [main] org.apache.catalina.startup.HostConfig.deployDirectory Deployment of web application directory [/home/rishi/apache-tomcat-9.0.88/webapps/examples] has finished in [508] ms
04-May-2024 14:56:26.843 INFO [main] org.apache.coyote.AbstractProtocol.start Starting ProtocolHandler ["http-nio-8080"]
04-May-2024 14:56:26.890 INFO [main] org.apache.catalina.startup.Catalina.start Server startup in [3853] milliseconds
04-May-2024 14:57:26.899 INFO [Catalina-utility-1] org.apache.catalina.startup.HostConfig.undeploy Undeploying context [/as_10]
04-May-2024 14:57:27.050 INFO [Catalina-utility-1] org.apache.catalina.startup.HostConfig.deployWAR Deploying web application archive [/home/rishi/apache-tomcat-9.0.88/webapps/prac_8.war]
04-May-2024 14:57:29.226 INFO [Catalina-utility-1] org.apache.jasper.servlet.TldScanner.scanJars At least one JAR was scanned for TLDs yet contained no TLDs. Enable debug logging for this logger for a complete list of JARs that were scanned but no TLDs were found in them. Skipping unneeded JARs during scanning can improve startup time and JSP compilation time.
04-May-2024 14:57:29.265 INFO [Catalina-utility-1] org.apache.catalina.startup.HostConfig.deployWAR Deployment of web application archive [/home/rishi/apache-tomcat-9.0.88/webapps/prac_8.war] has finished in [2,215] ms
04-May-2024 14:59:29.864 INFO [main] org.apache.catalina.core.StandardServer.await A valid shutdown command was received via the shutdown port. Stopping the Server instance.
04-May-2024 14:59:29.865 INFO [main] org.apache.coyote.AbstractProtocol.pause Pausing ProtocolHandler ["http-nio-8080"]
04-May-2024 14:59:29.872 INFO [main] org.apache.catalina.core.StandardService.stopInternal Stopping service [Catalina]
04-May-2024 14:59:30.039 INFO [main] org.apache.coyote.AbstractProtocol.stop Stopping ProtocolHandler ["http-nio-8080"]
04-May-2024 14:59:30.070 INFO [main] org.apache.coyote.AbstractProtocol.destroy Destroying ProtocolHandler ["http-nio-8080"]
04-May-2024 15:01:10.695 INFO [main] org.apache.catalina.startup.VersionLoggerListener.log Server version name:   Apache Tomcat/9.0.88
04-May-2024 15:01:10.728 INFO [main] org.apache.catalina.startup.VersionLoggerListener.log Server built:          Apr 9 2024 13:22:30 UTC
04-May-2024 15:01:10.732 INFO [main] org.apache.catalina.startup.VersionLoggerListener.log Server version number: 9.0.88.0
04-May-2024 15:01:10.733 INFO [main] org.apache.catalina.startup.VersionLoggerListener.log OS Name:               Linux
04-May-2024 15:01:10.733 INFO [main] org.apache.catalina.startup.VersionLoggerListener.log OS Version:            6.5.0-27-generic
04-May-2024 15:01:10.734 INFO [main] org.apache.catalina.startup.VersionLoggerListener.log Architecture:          amd64
04-May-2024 15:01:10.736 INFO [main] org.apache.catalina.startup.VersionLoggerListener.log Java Home:             /usr/lib/jvm/java-11-openjdk-amd64
04-May-2024 15:01:10.737 INFO [main] org.apache.catalina.startup.VersionLoggerListener.log JVM Version:           11.0.22+7-post-Ubuntu-0ubuntu222.04.1
04-May-2024 15:01:10.740 INFO [main] org.apache.catalina.startup.VersionLoggerListener.log JVM Vendor:            Ubuntu
04-May-2024 15:01:10.740 INFO [main] org.apache.catalina.startup.VersionLoggerListener.log CATALINA_BASE:         /home/rishi/apache-tomcat-9.0.88
04-May-2024 15:01:10.741 INFO [main] org.apache.catalina.startup.VersionLoggerListener.log CATALINA_HOME:         /home/rishi/apache-tomcat-9.0.88
04-May-2024 15:01:10.875 INFO [main] org.apache.catalina.startup.VersionLoggerListener.log Command line argument: -Djava.util.logging.config.file=/home/rishi/apache-tomcat-9.0.88/conf/logging.properties
04-May-2024 15:01:10.877 INFO [main] org.apache.catalina.startup.VersionLoggerListener.log Command line argument: -Djava.util.logging.manager=org.apache.juli.ClassLoaderLogManager
04-May-2024 15:01:10.882 INFO [main] org.apache.catalina.startup.VersionLoggerListener.log Command line argument: -Djdk.tls.ephemeralDHKeySize=2048
04-May-2024 15:01:10.904 INFO [main] org.apache.catalina.startup.VersionLoggerListener.log Command line argument: -Djava.protocol.handler.pkgs=org.apache.catalina.webresources
04-May-2024 15:01:10.905 INFO [main] org.apache.catalina.startup.VersionLoggerListener.log Command line argument: -Dorg.apache.catalina.security.SecurityListener.UMASK=0027
04-May-2024 15:01:10.907 INFO [main] org.apache.catalina.startup.VersionLoggerListener.log Command line argument: -Dcatalina.base=/home/rishi/apache-tomcat-9.0.88
04-May-2024 15:01:10.914 INFO [main] org.apache.catalina.startup.VersionLoggerListener.log Command line argument: -Dcatalina.home=/home/rishi/apache-tomcat-9.0.88
04-May-2024 15:01:10.920 INFO [main] org.apache.catalina.startup.VersionLoggerListener.log Command line argument: -Djava.io.tmpdir=/home/rishi/apache-tomcat-9.0.88/temp
04-May-2024 15:01:10.988 INFO [main] org.apache.catalina.core.AprLifecycleListener.lifecycleEvent The Apache Tomcat Native library which allows using OpenSSL was not found on the java.library.path: [/usr/java/packages/lib:/usr/lib/x86_64-linux-gnu/jni:/lib/x86_64-linux-gnu:/usr/lib/x86_64-linux-gnu:/usr/lib/jni:/lib:/usr/lib]
04-May-2024 15:01:12.913 INFO [main] org.apache.coyote.AbstractProtocol.init Initializing ProtocolHandler ["http-nio-8080"]
04-May-2024 15:01:13.090 INFO [main] org.apache.catalina.startup.Catalina.load Server initialization in [3300] milliseconds
04-May-2024 15:01:13.471 INFO [main] org.apache.catalina.core.StandardService.startInternal Starting service [Catalina]
04-May-2024 15:01:13.473 INFO [main] org.apache.catalina.core.StandardEngine.startInternal Starting Servlet engine: [Apache Tomcat/9.0.88]
04-May-2024 15:01:13.629 INFO [main] org.apache.catalina.startup.HostConfig.deployWAR Deploying web application archive [/home/rishi/apache-tomcat-9.0.88/webapps/prac_8.war]
04-May-2024 15:01:17.907 INFO [main] org.apache.jasper.servlet.TldScanner.scanJars At least one JAR was scanned for TLDs yet contained no TLDs. Enable debug logging for this logger for a complete list of JARs that were scanned but no TLDs were found in them. Skipping unneeded JARs during scanning can improve startup time and JSP compilation time.
04-May-2024 15:01:18.433 INFO [main] org.apache.catalina.startup.HostConfig.deployWAR Deployment of web application archive [/home/rishi/apache-tomcat-9.0.88/webapps/prac_8.war] has finished in [4,804] ms
04-May-2024 15:01:18.443 INFO [main] org.apache.catalina.startup.HostConfig.deployDirectory Deploying web application directory [/home/rishi/apache-tomcat-9.0.88/webapps/ROOT]
04-May-2024 15:01:18.686 INFO [main] org.apache.catalina.startup.HostConfig.deployDirectory Deployment of web application directory [/home/rishi/apache-tomcat-9.0.88/webapps/ROOT] has finished in [242] ms
04-May-2024 15:01:18.692 INFO [main] org.apache.catalina.startup.HostConfig.deployDirectory Deploying web application directory [/home/rishi/apache-tomcat-9.0.88/webapps/docs]
04-May-2024 15:01:18.907 INFO [main] org.apache.catalina.startup.HostConfig.deployDirectory Deployment of web application directory [/home/rishi/apache-tomcat-9.0.88/webapps/docs] has finished in [215] ms
04-May-2024 15:01:18.917 INFO [main] org.apache.catalina.startup.HostConfig.deployDirectory Deploying web application directory [/home/rishi/apache-tomcat-9.0.88/webapps/manager]
04-May-2024 15:01:19.258 INFO [main] org.apache.catalina.startup.HostConfig.deployDirectory Deployment of web application directory [/home/rishi/apache-tomcat-9.0.88/webapps/manager] has finished in [339] ms
04-May-2024 15:01:19.260 INFO [main] org.apache.catalina.startup.HostConfig.deployDirectory Deploying web application directory [/home/rishi/apache-tomcat-9.0.88/webapps/as_6]
04-May-2024 15:01:20.234 INFO [main] org.apache.jasper.servlet.TldScanner.scanJars At least one JAR was scanned for TLDs yet contained no TLDs. Enable debug logging for this logger for a complete list of JARs that were scanned but no TLDs were found in them. Skipping unneeded JARs during scanning can improve startup time and JSP compilation time.
04-May-2024 15:01:20.257 INFO [main] org.apache.catalina.startup.HostConfig.deployDirectory Deployment of web application directory [/home/rishi/apache-tomcat-9.0.88/webapps/as_6] has finished in [996] ms
04-May-2024 15:01:20.267 INFO [main] org.apache.catalina.startup.HostConfig.deployDirectory Deploying web application directory [/home/rishi/apache-tomcat-9.0.88/webapps/host-manager]
04-May-2024 15:01:20.483 INFO [main] org.apache.catalina.startup.HostConfig.deployDirectory Deployment of web application directory [/home/rishi/apache-tomcat-9.0.88/webapps/host-manager] has finished in [214] ms
04-May-2024 15:01:20.484 INFO [main] org.apache.catalina.startup.HostConfig.deployDirectory Deploying web application directory [/home/rishi/apache-tomcat-9.0.88/webapps/examples]
04-May-2024 15:01:21.913 INFO [main] org.apache.catalina.startup.HostConfig.deployDirectory Deployment of web application directory [/home/rishi/apache-tomcat-9.0.88/webapps/examples] has finished in [1,428] ms
04-May-2024 15:01:21.996 INFO [main] org.apache.coyote.AbstractProtocol.start Starting ProtocolHandler ["http-nio-8080"]
04-May-2024 15:01:22.107 INFO [main] org.apache.catalina.startup.Catalina.start Server startup in [9011] milliseconds
04-May-2024 15:02:05.757 INFO [main] org.apache.catalina.core.StandardServer.await A valid shutdown command was received via the shutdown port. Stopping the Server instance.
04-May-2024 15:02:05.758 INFO [main] org.apache.coyote.AbstractProtocol.pause Pausing ProtocolHandler ["http-nio-8080"]
04-May-2024 15:02:05.781 INFO [main] org.apache.catalina.core.StandardService.stopInternal Stopping service [Catalina]
04-May-2024 15:02:06.021 INFO [main] org.apache.coyote.AbstractProtocol.stop Stopping ProtocolHandler ["http-nio-8080"]
04-May-2024 15:02:06.067 INFO [main] org.apache.coyote.AbstractProtocol.destroy Destroying ProtocolHandler ["http-nio-8080"]
04-May-2024 15:02:20.167 INFO [main] org.apache.catalina.startup.VersionLoggerListener.log Server version name:   Apache Tomcat/9.0.88
04-May-2024 15:02:20.174 INFO [main] org.apache.catalina.startup.VersionLoggerListener.log Server built:          Apr 9 2024 13:22:30 UTC
04-May-2024 15:02:20.188 INFO [main] org.apache.catalina.startup.VersionLoggerListener.log Server version number: 9.0.88.0
04-May-2024 15:02:20.189 INFO [main] org.apache.catalina.startup.VersionLoggerListener.log OS Name:               Linux
04-May-2024 15:02:20.189 INFO [main] org.apache.catalina.startup.VersionLoggerListener.log OS Version:            6.5.0-27-generic
04-May-2024 15:02:20.189 INFO [main] org.apache.catalina.startup.VersionLoggerListener.log Architecture:          amd64
04-May-2024 15:02:20.190 INFO [main] org.apache.catalina.startup.VersionLoggerListener.log Java Home:             /usr/lib/jvm/java-11-openjdk-amd64
04-May-2024 15:02:20.190 INFO [main] org.apache.catalina.startup.VersionLoggerListener.log JVM Version:           11.0.22+7-post-Ubuntu-0ubuntu222.04.1
04-May-2024 15:02:20.190 INFO [main] org.apache.catalina.startup.VersionLoggerListener.log JVM Vendor:            Ubuntu
04-May-2024 15:02:20.191 INFO [main] org.apache.catalina.startup.VersionLoggerListener.log CATALINA_BASE:         /home/rishi/apache-tomcat-9.0.88
04-May-2024 15:02:20.191 INFO [main] org.apache.catalina.startup.VersionLoggerListener.log CATALINA_HOME:         /home/rishi/apache-tomcat-9.0.88
04-May-2024 15:02:20.315 INFO [main] org.apache.catalina.startup.VersionLoggerListener.log Command line argument: -Djava.util.logging.config.file=/home/rishi/apache-tomcat-9.0.88/conf/logging.properties
04-May-2024 15:02:20.321 INFO [main] org.apache.catalina.startup.VersionLoggerListener.log Command line argument: -Djava.util.logging.manager=org.apache.juli.ClassLoaderLogManager
04-May-2024 15:02:20.321 INFO [main] org.apache.catalina.startup.VersionLoggerListener.log Command line argument: -Djdk.tls.ephemeralDHKeySize=2048
04-May-2024 15:02:20.328 INFO [main] org.apache.catalina.startup.VersionLoggerListener.log Command line argument: -Djava.protocol.handler.pkgs=org.apache.catalina.webresources
04-May-2024 15:02:20.329 INFO [main] org.apache.catalina.startup.VersionLoggerListener.log Command line argument: -Dorg.apache.catalina.security.SecurityListener.UMASK=0027
04-May-2024 15:02:20.329 INFO [main] org.apache.catalina.startup.VersionLoggerListener.log Command line argument: -Dcatalina.base=/home/rishi/apache-tomcat-9.0.88
04-May-2024 15:02:20.329 INFO [main] org.apache.catalina.startup.VersionLoggerListener.log Command line argument: -Dcatalina.home=/home/rishi/apache-tomcat-9.0.88
04-May-2024 15:02:20.330 INFO [main] org.apache.catalina.startup.VersionLoggerListener.log Command line argument: -Djava.io.tmpdir=/home/rishi/apache-tomcat-9.0.88/temp
04-May-2024 15:02:20.354 INFO [main] org.apache.catalina.core.AprLifecycleListener.lifecycleEvent The Apache Tomcat Native library which allows using OpenSSL was not found on the java.library.path: [/usr/java/packages/lib:/usr/lib/x86_64-linux-gnu/jni:/lib/x86_64-linux-gnu:/usr/lib/x86_64-linux-gnu:/usr/lib/jni:/lib:/usr/lib]
04-May-2024 15:02:21.618 INFO [main] org.apache.coyote.AbstractProtocol.init Initializing ProtocolHandler ["http-nio-8080"]
04-May-2024 15:02:21.769 INFO [main] org.apache.catalina.startup.Catalina.load Server initialization in [2814] milliseconds
04-May-2024 15:02:22.038 INFO [main] org.apache.catalina.core.StandardService.startInternal Starting service [Catalina]
04-May-2024 15:02:22.042 INFO [main] org.apache.catalina.core.StandardEngine.startInternal Starting Servlet engine: [Apache Tomcat/9.0.88]
04-May-2024 15:02:22.102 INFO [main] org.apache.catalina.startup.HostConfig.deployWAR Deploying web application archive [/home/rishi/apache-tomcat-9.0.88/webapps/prac_8.war]
04-May-2024 15:02:25.108 INFO [main] org.apache.jasper.servlet.TldScanner.scanJars At least one JAR was scanned for TLDs yet contained no TLDs. Enable debug logging for this logger for a complete list of JARs that were scanned but no TLDs were found in them. Skipping unneeded JARs during scanning can improve startup time and JSP compilation time.
04-May-2024 15:02:25.416 INFO [main] org.apache.catalina.startup.HostConfig.deployWAR Deployment of web application archive [/home/rishi/apache-tomcat-9.0.88/webapps/prac_8.war] has finished in [3,316] ms
04-May-2024 15:02:25.422 INFO [main] org.apache.catalina.startup.HostConfig.deployDirectory Deploying web application directory [/home/rishi/apache-tomcat-9.0.88/webapps/ROOT]
04-May-2024 15:02:25.563 INFO [main] org.apache.catalina.startup.HostConfig.deployDirectory Deployment of web application directory [/home/rishi/apache-tomcat-9.0.88/webapps/ROOT] has finished in [141] ms
04-May-2024 15:02:25.568 INFO [main] org.apache.catalina.startup.HostConfig.deployDirectory Deploying web application directory [/home/rishi/apache-tomcat-9.0.88/webapps/docs]
04-May-2024 15:02:25.689 INFO [main] org.apache.catalina.startup.HostConfig.deployDirectory Deployment of web application directory [/home/rishi/apache-tomcat-9.0.88/webapps/docs] has finished in [123] ms
04-May-2024 15:02:25.695 INFO [main] org.apache.catalina.startup.HostConfig.deployDirectory Deploying web application directory [/home/rishi/apache-tomcat-9.0.88/webapps/manager]
04-May-2024 15:02:25.840 INFO [main] org.apache.catalina.startup.HostConfig.deployDirectory Deployment of web application directory [/home/rishi/apache-tomcat-9.0.88/webapps/manager] has finished in [146] ms
04-May-2024 15:02:25.854 INFO [main] org.apache.catalina.startup.HostConfig.deployDirectory Deploying web application directory [/home/rishi/apache-tomcat-9.0.88/webapps/as_6]
04-May-2024 15:02:26.341 INFO [main] org.apache.jasper.servlet.TldScanner.scanJars At least one JAR was scanned for TLDs yet contained no TLDs. Enable debug logging for this logger for a complete list of JARs that were scanned but no TLDs were found in them. Skipping unneeded JARs during scanning can improve startup time and JSP compilation time.
04-May-2024 15:02:26.358 INFO [main] org.apache.catalina.startup.HostConfig.deployDirectory Deployment of web application directory [/home/rishi/apache-tomcat-9.0.88/webapps/as_6] has finished in [504] ms
04-May-2024 15:02:26.366 INFO [main] org.apache.catalina.startup.HostConfig.deployDirectory Deploying web application directory [/home/rishi/apache-tomcat-9.0.88/webapps/host-manager]
04-May-2024 15:02:26.467 INFO [main] org.apache.catalina.startup.HostConfig.deployDirectory Deployment of web application directory [/home/rishi/apache-tomcat-9.0.88/webapps/host-manager] has finished in [102] ms
04-May-2024 15:02:26.470 INFO [main] org.apache.catalina.startup.HostConfig.deployDirectory Deploying web application directory [/home/rishi/apache-tomcat-9.0.88/webapps/examples]
04-May-2024 15:02:26.988 INFO [main] org.apache.catalina.startup.HostConfig.deployDirectory Deployment of web application directory [/home/rishi/apache-tomcat-9.0.88/webapps/examples] has finished in [518] ms
04-May-2024 15:02:27.014 INFO [main] org.apache.coyote.AbstractProtocol.start Starting ProtocolHandler ["http-nio-8080"]
04-May-2024 15:02:27.185 INFO [main] org.apache.catalina.startup.Catalina.start Server startup in [5413] milliseconds
04-May-2024 15:03:37.258 INFO [Catalina-utility-2] org.apache.catalina.startup.HostConfig.undeploy Undeploying context [/prac_8]
04-May-2024 15:03:47.585 INFO [Catalina-utility-2] org.apache.catalina.startup.HostConfig.deployWAR Deploying web application archive [/home/rishi/apache-tomcat-9.0.88/webapps/prac_8.war]
04-May-2024 15:03:50.125 INFO [Catalina-utility-2] org.apache.jasper.servlet.TldScanner.scanJars At least one JAR was scanned for TLDs yet contained no TLDs. Enable debug logging for this logger for a complete list of JARs that were scanned but no TLDs were found in them. Skipping unneeded JARs during scanning can improve startup time and JSP compilation time.
04-May-2024 15:03:50.144 INFO [Catalina-utility-2] org.apache.catalina.startup.HostConfig.deployWAR Deployment of web application archive [/home/rishi/apache-tomcat-9.0.88/webapps/prac_8.war] has finished in [2,564] ms
04-May-2024 15:06:10.333 INFO [Catalina-utility-1] org.apache.catalina.startup.HostConfig.undeploy Undeploying context [/prac_8]
04-May-2024 15:07:10.388 INFO [Catalina-utility-2] org.apache.catalina.startup.HostConfig.deployWAR Deploying web application archive [/home/rishi/apache-tomcat-9.0.88/webapps/prac_8.war]
04-May-2024 15:07:11.672 INFO [Catalina-utility-2] org.apache.jasper.servlet.TldScanner.scanJars At least one JAR was scanned for TLDs yet contained no TLDs. Enable debug logging for this logger for a complete list of JARs that were scanned but no TLDs were found in them. Skipping unneeded JARs during scanning can improve startup time and JSP compilation time.
04-May-2024 15:07:11.680 INFO [Catalina-utility-2] org.apache.catalina.startup.HostConfig.deployWAR Deployment of web application archive [/home/rishi/apache-tomcat-9.0.88/webapps/prac_8.war] has finished in [1,291] ms
