05-May-2024 12:54:19.552 INFO [main] org.apache.catalina.core.ApplicationContext.log ContextListener: contextInitialized()
05-May-2024 12:54:19.552 INFO [main] org.apache.catalina.core.ApplicationContext.log SessionListener: contextInitialized()
05-May-2024 12:54:19.555 INFO [main] org.apache.catalina.core.ApplicationContext.log ContextListener: attributeAdded('StockTicker', 'async.Stockticker@77d3c3d7')
05-May-2024 13:51:21.196 INFO [main] org.apache.catalina.core.ApplicationContext.log SessionListener: contextDestroyed()
05-May-2024 13:51:21.196 INFO [main] org.apache.catalina.core.ApplicationContext.log ContextListener: contextDestroyed()
05-May-2024 13:55:39.890 INFO [main] org.apache.catalina.core.ApplicationContext.log ContextListener: contextInitialized()
05-May-2024 13:55:39.890 INFO [main] org.apache.catalina.core.ApplicationContext.log SessionListener: contextInitialized()
05-May-2024 13:55:39.892 INFO [main] org.apache.catalina.core.ApplicationContext.log ContextListener: attributeAdded('StockTicker', 'async.Stockticker@4e357792')
05-May-2024 14:17:42.848 SEVERE [http-nio-8080-exec-27] org.apache.catalina.core.StandardWrapperValve.invoke Servlet.service() for servlet [jsp] in context with path [/prac_6] threw exception [Unable to compile class for JSP: 

An error occurred at line: [106] in the jsp file: [/javaServerPage.jsp]
lastname cannot be resolved to a variable
103: 				// Check if the provided password matches the password in the database
104: 				ResultSet rs = st.executeQuery("select password from Credentials where username='" + username + "'");
105: 				if (rs.next() && rs.getString("password").equals(password)) {
106: 					int i = st.executeUpdate("update Credentials SET firstname = '"+first_name+"', lastname = '"+lastname+"' where username = '"+username+"'");
107: 					if(i > 0) {
108: 						out.println("<p>Data updated.</p>");
109: 					} else {


Stacktrace:] with root cause
	org.apache.jasper.JasperException: Unable to compile class for JSP: 

An error occurred at line: [106] in the jsp file: [/javaServerPage.jsp]
lastname cannot be resolved to a variable
103: 				// Check if the provided password matches the password in the database
104: 				ResultSet rs = st.executeQuery("select password from Credentials where username='" + username + "'");
105: 				if (rs.next() && rs.getString("password").equals(password)) {
106: 					int i = st.executeUpdate("update Credentials SET firstname = '"+first_name+"', lastname = '"+lastname+"' where username = '"+username+"'");
107: 					if(i > 0) {
108: 						out.println("<p>Data updated.</p>");
109: 					} else {


Stacktrace:
		at org.apache.jasper.compiler.DefaultErrorHandler.javacError(DefaultErrorHandler.java:102)
		at org.apache.jasper.compiler.ErrorDispatcher.javacError(ErrorDispatcher.java:214)
		at org.apache.jasper.compiler.JDTCompiler.generateClass(JDTCompiler.java:542)
		at org.apache.jasper.compiler.Compiler.compile(Compiler.java:398)
		at org.apache.jasper.compiler.Compiler.compile(Compiler.java:368)
		at org.apache.jasper.compiler.Compiler.compile(Compiler.java:352)
		at org.apache.jasper.JspCompilationContext.compile(JspCompilationContext.java:603)
		at org.apache.jasper.servlet.JspServletWrapper.service(JspServletWrapper.java:399)
		at org.apache.jasper.servlet.JspServlet.serviceJspFile(JspServlet.java:379)
		at org.apache.jasper.servlet.JspServlet.service(JspServlet.java:327)
		at javax.servlet.http.HttpServlet.service(HttpServlet.java:623)
		at org.apache.catalina.core.ApplicationFilterChain.internalDoFilter(ApplicationFilterChain.java:200)
		at org.apache.catalina.core.ApplicationFilterChain.doFilter(ApplicationFilterChain.java:144)
		at org.apache.tomcat.websocket.server.WsFilter.doFilter(WsFilter.java:51)
		at org.apache.catalina.core.ApplicationFilterChain.internalDoFilter(ApplicationFilterChain.java:169)
		at org.apache.catalina.core.ApplicationFilterChain.doFilter(ApplicationFilterChain.java:144)
		at org.apache.catalina.core.StandardWrapperValve.invoke(StandardWrapperValve.java:168)
		at org.apache.catalina.core.StandardContextValve.invoke(StandardContextValve.java:90)
		at org.apache.catalina.authenticator.AuthenticatorBase.invoke(AuthenticatorBase.java:481)
		at org.apache.catalina.core.StandardHostValve.invoke(StandardHostValve.java:130)
		at org.apache.catalina.valves.ErrorReportValve.invoke(ErrorReportValve.java:93)
		at org.apache.catalina.valves.AbstractAccessLogValve.invoke(AbstractAccessLogValve.java:670)
		at org.apache.catalina.core.StandardEngineValve.invoke(StandardEngineValve.java:74)
		at org.apache.catalina.connector.CoyoteAdapter.service(CoyoteAdapter.java:346)
		at org.apache.coyote.http11.Http11Processor.service(Http11Processor.java:390)
		at org.apache.coyote.AbstractProcessorLight.process(AbstractProcessorLight.java:63)
		at org.apache.coyote.AbstractProtocol$ConnectionHandler.process(AbstractProtocol.java:928)
		at org.apache.tomcat.util.net.NioEndpoint$SocketProcessor.doRun(NioEndpoint.java:1786)
		at org.apache.tomcat.util.net.SocketProcessorBase.run(SocketProcessorBase.java:52)
		at org.apache.tomcat.util.threads.ThreadPoolExecutor.runWorker(ThreadPoolExecutor.java:1191)
		at org.apache.tomcat.util.threads.ThreadPoolExecutor$Worker.run(ThreadPoolExecutor.java:659)
		at org.apache.tomcat.util.threads.TaskThread$WrappingRunnable.run(TaskThread.java:63)
		at java.base/java.lang.Thread.run(Thread.java:829)
05-May-2024 14:22:42.506 INFO [main] org.apache.catalina.core.ApplicationContext.log SessionListener: contextDestroyed()
05-May-2024 14:22:42.506 INFO [main] org.apache.catalina.core.ApplicationContext.log ContextListener: contextDestroyed()
05-May-2024 19:01:51.311 INFO [main] org.apache.catalina.core.ApplicationContext.log ContextListener: contextInitialized()
05-May-2024 19:01:51.311 INFO [main] org.apache.catalina.core.ApplicationContext.log SessionListener: contextInitialized()
05-May-2024 19:01:51.313 INFO [main] org.apache.catalina.core.ApplicationContext.log ContextListener: attributeAdded('StockTicker', 'async.Stockticker@4b770e40')
05-May-2024 19:19:45.357 INFO [main] org.apache.catalina.core.ApplicationContext.log SessionListener: contextDestroyed()
05-May-2024 19:19:45.357 INFO [main] org.apache.catalina.core.ApplicationContext.log ContextListener: contextDestroyed()
05-May-2024 19:32:15.033 INFO [main] org.apache.catalina.core.ApplicationContext.log ContextListener: contextInitialized()
05-May-2024 19:32:15.033 INFO [main] org.apache.catalina.core.ApplicationContext.log SessionListener: contextInitialized()
05-May-2024 19:32:15.035 INFO [main] org.apache.catalina.core.ApplicationContext.log ContextListener: attributeAdded('StockTicker', 'async.Stockticker@420bc288')
05-May-2024 19:44:30.159 INFO [main] org.apache.catalina.core.ApplicationContext.log SessionListener: contextDestroyed()
05-May-2024 19:44:30.159 INFO [main] org.apache.catalina.core.ApplicationContext.log ContextListener: contextDestroyed()
05-May-2024 19:45:07.480 INFO [main] org.apache.catalina.core.ApplicationContext.log ContextListener: contextInitialized()
05-May-2024 19:45:07.481 INFO [main] org.apache.catalina.core.ApplicationContext.log SessionListener: contextInitialized()
05-May-2024 19:45:07.484 INFO [main] org.apache.catalina.core.ApplicationContext.log ContextListener: attributeAdded('StockTicker', 'async.Stockticker@5f577419')
05-May-2024 19:51:42.214 INFO [main] org.apache.catalina.core.ApplicationContext.log SessionListener: contextDestroyed()
05-May-2024 19:51:42.214 INFO [main] org.apache.catalina.core.ApplicationContext.log ContextListener: contextDestroyed()
05-May-2024 19:55:54.409 INFO [main] org.apache.catalina.core.ApplicationContext.log ContextListener: contextInitialized()
05-May-2024 19:55:54.409 INFO [main] org.apache.catalina.core.ApplicationContext.log SessionListener: contextInitialized()
05-May-2024 19:55:54.411 INFO [main] org.apache.catalina.core.ApplicationContext.log ContextListener: attributeAdded('StockTicker', 'async.Stockticker@26f143ed')
05-May-2024 20:00:19.550 INFO [main] org.apache.catalina.core.ApplicationContext.log SessionListener: contextDestroyed()
05-May-2024 20:00:19.550 INFO [main] org.apache.catalina.core.ApplicationContext.log ContextListener: contextDestroyed()
05-May-2024 20:03:26.396 INFO [main] org.apache.catalina.core.ApplicationContext.log ContextListener: contextInitialized()
05-May-2024 20:03:26.396 INFO [main] org.apache.catalina.core.ApplicationContext.log SessionListener: contextInitialized()
05-May-2024 20:03:26.398 INFO [main] org.apache.catalina.core.ApplicationContext.log ContextListener: attributeAdded('StockTicker', 'async.Stockticker@6b739528')
05-May-2024 20:04:00.761 INFO [main] org.apache.catalina.core.ApplicationContext.log SessionListener: contextDestroyed()
05-May-2024 20:04:00.761 INFO [main] org.apache.catalina.core.ApplicationContext.log ContextListener: contextDestroyed()
